
ROM used:   70/8192 (1%)
            70/8192 (1%) including unused fragments

            0.1 Average locations per line
            8.8 Average locations per statement

RAM used:   6/368 (2%) at main() level
            7/368 (2%) worst case

Stack used: 1 worst case (1 in main + 0 for interrupts)
Stack size: 8

Lines Stmts  %   Files
----- ----- ---  -----
   23     8 100  new.c
   10     0   0  new.h
  768     0   0  C:\Program Files (x86)\PICC\Devices\16F887.h
----- -----
  801     8 Total

Page ROM  %  RAM   Vol Diff  Functions:
---- --- --- ---   --- ----  ----------
0     21  30    1   195  2.3  @delay_ms2
0     45  64    1   163  2.2  main
 Inline         0   351  7.0  @cinit1

Program metrics:
    Functions               3
    Statements              8
    Comments                130
    Volume (V)              930
    Difficulty (D)          11.3
    Effort to implement (E) 10464
    Time to implement (T)   10 minutes
    Est Delivered Bugs (B)  0
    Cyclomatic Complexity   1
    Maintainability (MI)    90

 Segment     Used  Free
-----------  ----  ----
00000-00003     4  0  
00004-007FF    66  1978  
00800-00FFF     0  2048  
01000-017FF     0  2048  
01800-01FFF     0  2048  



