CCS PCM C Compiler, Version 5.015, 5967               01-Nov-17 07:47

               Filename:   D:\PIC_CCS\NEW\new.lst

               ROM used:   70 words (1%)
                           Largest free fragment is 2048
               RAM used:   6 (2%) at main() level
                           7 (2%) worst case
               Stack used: 1 locations
               Stack size: 8

*
0000:  MOVLW  00
0001:  MOVWF  0A
0002:  GOTO   019
0003:  NOP
.................... #include <new.h> 
.................... #include <16F887.h> 
.................... //////////// Standard Header file for the PIC16F887 device //////////////// 
.................... /////////////////////////////////////////////////////////////////////////// 
.................... ////        (C) Copyright 1996, 2013 Custom Computer Services          //// 
.................... //// This source code may only be used by licensed users of the CCS C  //// 
.................... //// compiler.  This source code may only be distributed to other      //// 
.................... //// licensed users of the CCS C compiler.  No other use, reproduction //// 
.................... //// or distribution is permitted without written permission.          //// 
.................... //// Derivative programs created using this software in object code    //// 
.................... //// form are not restricted in any way.                               //// 
.................... /////////////////////////////////////////////////////////////////////////// 
.................... #device PIC16F887 
....................  
.................... #list 
....................  
.................... #device ADC=16 
....................  
.................... #FUSES NOWDT                 	//No Watch Dog Timer 
.................... #FUSES NOBROWNOUT            	//No brownout reset 
.................... #FUSES NOLVP                 	//No low voltage prgming, B3(PIC16) or B5(PIC18) used for I/O 
....................  
.................... #use delay(crystal=4MHz) 
....................  
....................  
.................... #USE FAST_IO (e) 
....................  
.................... #FUSES NOWDT                    //No Watch Dog Timer 
.................... #FUSES NOBROWNOUT               //No brownout reset 
.................... #FUSES NOLVP                    //No low voltage prgming, B3(PIC16) or B5(PIC18) used for I/O 
....................  
.................... #use delay(crystal=4000000) 
0004:  MOVLW  22
0005:  MOVWF  04
0006:  BCF    03.7
0007:  MOVF   00,W
0008:  BTFSC  03.2
0009:  GOTO   018
000A:  MOVLW  01
000B:  MOVWF  78
000C:  CLRF   77
000D:  DECFSZ 77,F
000E:  GOTO   00D
000F:  DECFSZ 78,F
0010:  GOTO   00C
0011:  MOVLW  4A
0012:  MOVWF  77
0013:  DECFSZ 77,F
0014:  GOTO   013
0015:  GOTO   016
0016:  DECFSZ 00,F
0017:  GOTO   00A
0018:  RETURN
....................  
.................... void main() 
0019:  MOVF   03,W
001A:  ANDLW  1F
001B:  MOVWF  03
001C:  BSF    03.5
001D:  BSF    03.6
001E:  MOVF   09,W
001F:  ANDLW  C0
0020:  MOVWF  09
0021:  BCF    03.6
0022:  BCF    1F.4
0023:  BCF    1F.5
0024:  MOVLW  00
0025:  BSF    03.6
0026:  MOVWF  08
0027:  BCF    03.5
0028:  CLRF   07
0029:  CLRF   08
002A:  CLRF   09
002B:  BCF    03.7
.................... { 
....................    set_tris_e(0x00); 
002C:  BSF    03.5
002D:  BCF    03.6
002E:  BCF    09.0
002F:  BCF    09.1
0030:  BCF    09.2
0031:  BCF    09.3
....................    output_bit(PIN_E1,0); 
0032:  BCF    03.5
0033:  BCF    09.1
....................    while(TRUE) 
....................    { 
....................          output_bit(PIN_E1,0); 
0034:  BCF    09.1
....................          delay_ms(500); 
0035:  MOVLW  02
0036:  MOVWF  21
0037:  MOVLW  FA
0038:  MOVWF  22
0039:  CALL   004
003A:  DECFSZ 21,F
003B:  GOTO   037
....................          output_bit(PIN_E1,1); 
003C:  BSF    09.1
....................          delay_ms(500); 
003D:  MOVLW  02
003E:  MOVWF  21
003F:  MOVLW  FA
0040:  MOVWF  22
0041:  CALL   004
0042:  DECFSZ 21,F
0043:  GOTO   03F
0044:  GOTO   034
....................    } 
....................  
.................... } 
0045:  SLEEP

Configuration Fuses:
   Word  1: 2CE1   XT NOWDT PUT MCLR NOPROTECT NOCPD NOBROWNOUT IESO FCMEN NOLVP NODEBUG
   Word  2: 3FFF   BORV40 NOWRT
