
ROM used:   492/8192 (6%)
            492/8192 (6%) including unused fragments

            0.3 Average locations per line
            5.6 Average locations per statement

RAM used:   37/368 (10%) at main() level
            50/368 (14%) worst case

Stack used: 6 worst case (5 in main + 1 for interrupts)
Stack size: 8

Lines Stmts  %   Files
----- ----- ---  -----
   48    29  33  7SEG_Demo.c
   19     0   0  7SEG_Demo.h
  768     0   0  C:\Program Files (x86)\PICC\Devices\16F887.h
  423     0   0  C:\Program Files (x86)\PICC\Drivers\string.h
   32     0   0  C:\Program Files (x86)\PICC\Drivers\stddef.h
   28     0   0  C:\Program Files (x86)\PICC\Drivers\ctype.h
   36     0   0  ..\LCD\MyLCD.h
  109    59  67  ..\LCD\MyLCD.c
----- -----
 1463    88 Total

Page ROM  %  RAM   Vol Diff  Functions:
---- --- --- ---   --- ----  ----------
0     21   4    1             @delay_ms1
0     23   5    0    80  1.2  LCDInit
 Inline         0   190  1.8  LCDMode4Bit
0     87  18    2   547  2.9  LCDWriteByte
 Inline         1    57  1.6  LCDWriteData
0      5   1    1    57  1.6  LCDWriteCommand
0      6   1    0    69  1.6  LCDLatchData
0      6   1    0    17  0.8  LCDClear
0     18   4    4   153  4.2  LCDMove
0      7   1    1    29  1.3  LCDPutChar
0    129  26    0   696  3.8  MAIN
0      3   1    0             @const783
0     88  18    4             @PSTRINGC7_731
0     18   4    3   106  2.9  callbackRDA
 Inline         0             @cinit1

Program metrics:
    Functions               11
    Statements              88
    Comments                229
    Volume (V)              3171
    Difficulty (D)          24.0
    Effort to implement (E) 76105
    Time to implement (T)   1 hours, 10 minutes
    Est Delivered Bugs (B)  1
    Cyclomatic Complexity   2
    Maintainability (MI)    143

 Segment     Used  Free
-----------  ----  ----
00000-00003     4  0  
00004-00050    77  0  
00051-007FF   411  1556  
00800-00FFF     0  2048  
01000-017FF     0  2048  
01800-01FFF     0  2048  



