
ROM used:   93/8192 (1%)
            93/8192 (1%) including unused fragments

            0.1 Average locations per line
            7.2 Average locations per statement

RAM used:   14/368 (4%) at main() level
            14/368 (4%) worst case

Stack used: 1 worst case (0 in main + 1 for interrupts)
Stack size: 8

Lines Stmts  %   Files
----- ----- ---  -----
   35    13 100  CBSM.c
   10     0   0  CBSM.h
  671     0   0  C:\Program Files (x86)\PICC\Devices\16F877A.h
----- -----
  716    13 Total

Page ROM  %  RAM   Vol Diff  Functions:
---- --- --- ---   --- ----  ----------
0     14  15    0   102  2.9  TIMER0_isr
0     32  34    1   136  2.6  MAIN
 Inline         0    25  1.2  @cinit1

Program metrics:
    Functions               3
    Statements              13
    Comments                132
    Volume (V)              354
    Difficulty (D)          6.9
    Effort to implement (E) 2443
    Time to implement (T)   2 minutes
    Est Delivered Bugs (B)  0
    Cyclomatic Complexity   1
    Maintainability (MI)    85

 Segment     Used  Free
-----------  ----  ----
00000-00003     4  0  
00004-0002E    43  0  
0002F-007FF    46  1955  
00800-00FFF     0  2048  
01000-017FF     0  2048  
01800-01FFF     0  2048  



